<?xml version="1.0" encoding="UTF-8"?>
<!-- Generated by org.testng.reporters.JUnitXMLReporter -->
<testsuite ignored="0" hostname="Sushma" failures="1" tests="2" name="Inbox Tests" time="39.897" errors="0" timestamp="2025-12-29T12:33:03 SGT">
  <testcase classname="tests.OpenFirstEmailTest" name="openFirstEmail" time="19.755"/>
  <testcase classname="tests.ReadEmailTest" name="readEmailDetails" time="14.898">
    <failure type="java.lang.IndexOutOfBoundsException" message="Index 0 out of bounds for length 0">
      <![CDATA[java.lang.IndexOutOfBoundsException: Index 0 out of bounds for length 0
at java.base/jdk.internal.util.Preconditions.outOfBounds(Preconditions.java:100)
at java.base/jdk.internal.util.Preconditions.outOfBoundsCheckIndex(Preconditions.java:106)
at java.base/jdk.internal.util.Preconditions.checkIndex(Preconditions.java:302)
at java.base/java.util.Objects.checkIndex(Objects.java:365)
at java.base/java.util.ArrayList.get(ArrayList.java:428)
at component.EmailListComponent.getRowByIndex(EmailListComponent.java:33)
at tests.ReadEmailTest.readEmailDetails(ReadEmailTest.java:27)
at java.base/java.util.ArrayList.forEach(ArrayList.java:1597)
... Removed 29 stack frames]]>
    </failure>
  </testcase> <!-- readEmailDetails -->
</testsuite> <!-- Inbox Tests -->
