<?xml version="1.0" encoding="UTF-8"?>
<testng-results ignored="0" total="1" passed="1" failed="0" skipped="0">
  <reporter-output>
  </reporter-output>
  <suite started-at="2025-12-29T09:26:52 SGT" name="Default suite" finished-at="2025-12-29T09:27:13 SGT" duration-ms="20224">
    <groups>
    </groups>
    <test started-at="2025-12-29T09:26:52 SGT" name="Default test" finished-at="2025-12-29T09:27:13 SGT" duration-ms="20224">
      <class name="tests.OpenFirstEmailTest">
        <test-method is-config="true" signature="setup()[pri:0, instance:tests.OpenFirstEmailTest@6f03482]" started-at="2025-12-29T09:26:53 SGT" name="setup" finished-at="2025-12-29T09:26:54 SGT" duration-ms="1815" status="PASS">
          <reporter-output>
          </reporter-output>
        </test-method> <!-- setup -->
        <test-method signature="openFirstEmail()[pri:0, instance:tests.OpenFirstEmailTest@6f03482]" started-at="2025-12-29T09:26:54 SGT" name="openFirstEmail" finished-at="2025-12-29T09:27:13 SGT" duration-ms="18181" status="PASS">
          <reporter-output>
          </reporter-output>
        </test-method> <!-- openFirstEmail -->
        <test-method is-config="true" signature="tearDown()[pri:0, instance:tests.OpenFirstEmailTest@6f03482]" started-at="2025-12-29T09:27:13 SGT" name="tearDown" finished-at="2025-12-29T09:27:13 SGT" duration-ms="184" status="PASS">
          <reporter-output>
          </reporter-output>
        </test-method> <!-- tearDown -->
      </class> <!-- tests.OpenFirstEmailTest -->
    </test> <!-- Default test -->
  </suite> <!-- Default suite -->
</testng-results>
